07:23:01 INFO  : Launching XSCT server: xsct.bat -n  -interactive E:\Project\ece520_v1\temp_xsdb_launch_script.tcl
07:23:01 INFO  : Registering command handlers for Vitis TCF services
07:23:02 INFO  : Platform repository initialization has completed.
07:23:05 INFO  : XSCT server has started successfully.
07:23:06 INFO  : plnx-install-location is set to ''
07:23:06 INFO  : Successfully done setting XSCT server connection channel  
07:23:06 INFO  : Successfully done query RDI_DATADIR 
07:23:06 INFO  : Successfully done setting workspace for the tool. 
07:25:00 INFO  : Result from executing command 'getProjects': design_1_wrapper
07:25:00 INFO  : Result from executing command 'getPlatforms': 
07:25:02 WARN  : An unexpected exception occurred in the module 'platform project logging'
07:25:06 INFO  : Platform 'design_1_wrapper' is added to custom repositories.
07:25:23 INFO  : Platform 'design_1_wrapper' is added to custom repositories.
07:27:13 INFO  : Result from executing command 'getProjects': design_1_wrapper
07:27:13 INFO  : Result from executing command 'getPlatforms': design_1_wrapper|E:/Project/ece520_v1/design_1_wrapper/export/design_1_wrapper/design_1_wrapper.xpfm
07:27:14 INFO  : Checking for BSP changes to sync application flags for project 'wafb'...
07:28:05 INFO  : No changes in MSS file content so sources will not be generated.
07:28:15 INFO  : Connected to target on host '127.0.0.1' and port '3121'.
07:28:16 WARN  : Part name present in the hardware specification 'xc7z010clg400-1' doesn't match the one present on the target 'xc7z020'.
07:28:19 INFO  : Jtag cable 'Digilent Zybo Z7 210351A81E13A' is selected.
07:28:19 INFO  : 'jtag frequency' command is executed.
07:28:19 INFO  : Context for 'APU' is selected.
07:28:19 INFO  : System reset is completed.
07:28:22 INFO  : 'after 3000' command is executed.
07:28:23 INFO  : 'targets -set -filter {jtag_cable_name =~ "Digilent Zybo Z7 210351A81E13A" && level==0 && jtag_device_ctx=="jsn-Zybo Z7-210351A81E13A-23727093-0"}' command is executed.
07:28:25 INFO  : Device configured successfully with "E:/Project/ece520_v1/wafb/_ide/bitstream/design_1_wrapper.bit"
07:28:25 INFO  : Context for 'APU' is selected.
07:28:25 INFO  : Hardware design and registers information is loaded from 'E:/Project/ece520_v1/design_1_wrapper/export/design_1_wrapper/hw/design_1_wrapper.xsa'.
07:28:25 INFO  : 'configparams force-mem-access 1' command is executed.
07:28:25 INFO  : Context for 'APU' is selected.
07:28:25 INFO  : Sourcing of 'E:/Project/ece520_v1/wafb/_ide/psinit/ps7_init.tcl' is done.
07:28:26 INFO  : 'ps7_init' command is executed.
07:28:26 INFO  : 'ps7_post_config' command is executed.
07:28:26 INFO  : Context for processor 'ps7_cortexa9_0' is selected.
07:28:26 INFO  : The application 'E:/Project/ece520_v1/wafb/Debug/wafb.elf' is downloaded to processor 'ps7_cortexa9_0'.
07:28:26 INFO  : 'configparams force-mem-access 0' command is executed.
07:28:26 INFO  : ----------------XSDB Script----------------
connect -url tcp:127.0.0.1:3121
targets -set -nocase -filter {name =~"APU*"}
rst -system
after 3000
targets -set -filter {jtag_cable_name =~ "Digilent Zybo Z7 210351A81E13A" && level==0 && jtag_device_ctx=="jsn-Zybo Z7-210351A81E13A-23727093-0"}
fpga -file E:/Project/ece520_v1/wafb/_ide/bitstream/design_1_wrapper.bit
targets -set -nocase -filter {name =~"APU*"}
loadhw -hw E:/Project/ece520_v1/design_1_wrapper/export/design_1_wrapper/hw/design_1_wrapper.xsa -mem-ranges [list {0x40000000 0xbfffffff}] -regs
configparams force-mem-access 1
targets -set -nocase -filter {name =~"APU*"}
source E:/Project/ece520_v1/wafb/_ide/psinit/ps7_init.tcl
ps7_init
ps7_post_config
targets -set -nocase -filter {name =~ "*A9*#0"}
dow E:/Project/ece520_v1/wafb/Debug/wafb.elf
configparams force-mem-access 0
----------------End of Script----------------

07:28:27 INFO  : Context for processor 'ps7_cortexa9_0' is selected.
07:28:27 INFO  : 'con' command is executed.
07:28:27 INFO  : ----------------XSDB Script (After Launch)----------------
targets -set -nocase -filter {name =~ "*A9*#0"}
con
----------------End of Script----------------

07:28:27 INFO  : Launch script is exported to file 'E:\Project\ece520_v1\wafb_system\_ide\scripts\debugger_wafb-default.tcl'
07:29:16 INFO  : Disconnected from the channel tcfchan#3.
07:57:41 INFO  : Launching XSCT server: xsct.bat -n  -interactive E:\Project\ece520_v1\temp_xsdb_launch_script.tcl
07:57:47 INFO  : Registering command handlers for Vitis TCF services
07:57:47 INFO  : Platform repository initialization has completed.
07:57:48 INFO  : XSCT server has started successfully.
07:57:49 INFO  : Successfully done setting XSCT server connection channel  
07:57:49 INFO  : plnx-install-location is set to ''
07:57:49 INFO  : Successfully done query RDI_DATADIR 
07:57:49 INFO  : Successfully done setting workspace for the tool. 
07:58:05 INFO  : Connected to target on host '127.0.0.1' and port '3121'.
07:58:06 WARN  : Part name present in the hardware specification 'xc7z010clg400-1' doesn't match the one present on the target 'xc7z020'.
07:58:08 INFO  : Jtag cable 'Digilent Zybo Z7 210351A81E13A' is selected.
07:58:08 INFO  : 'jtag frequency' command is executed.
07:58:08 INFO  : Context for 'APU' is selected.
07:58:08 INFO  : System reset is completed.
07:58:11 INFO  : 'after 3000' command is executed.
07:58:11 INFO  : 'targets -set -filter {jtag_cable_name =~ "Digilent Zybo Z7 210351A81E13A" && level==0 && jtag_device_ctx=="jsn-Zybo Z7-210351A81E13A-23727093-0"}' command is executed.
07:58:14 INFO  : Device configured successfully with "E:/Project/ece520_v1/wafb/_ide/bitstream/design_1_wrapper.bit"
07:58:14 INFO  : Context for 'APU' is selected.
07:58:14 INFO  : Hardware design and registers information is loaded from 'E:/Project/ece520_v1/design_1_wrapper/export/design_1_wrapper/hw/design_1_wrapper.xsa'.
07:58:14 INFO  : 'configparams force-mem-access 1' command is executed.
07:58:14 INFO  : Context for 'APU' is selected.
07:58:14 INFO  : Sourcing of 'E:/Project/ece520_v1/wafb/_ide/psinit/ps7_init.tcl' is done.
07:58:15 INFO  : 'ps7_init' command is executed.
07:58:15 INFO  : 'ps7_post_config' command is executed.
07:58:15 INFO  : Context for processor 'ps7_cortexa9_0' is selected.
07:58:15 INFO  : The application 'E:/Project/ece520_v1/wafb/Debug/wafb.elf' is downloaded to processor 'ps7_cortexa9_0'.
07:58:15 INFO  : 'configparams force-mem-access 0' command is executed.
07:58:15 INFO  : ----------------XSDB Script----------------
connect -url tcp:127.0.0.1:3121
targets -set -nocase -filter {name =~"APU*"}
rst -system
after 3000
targets -set -filter {jtag_cable_name =~ "Digilent Zybo Z7 210351A81E13A" && level==0 && jtag_device_ctx=="jsn-Zybo Z7-210351A81E13A-23727093-0"}
fpga -file E:/Project/ece520_v1/wafb/_ide/bitstream/design_1_wrapper.bit
targets -set -nocase -filter {name =~"APU*"}
loadhw -hw E:/Project/ece520_v1/design_1_wrapper/export/design_1_wrapper/hw/design_1_wrapper.xsa -mem-ranges [list {0x40000000 0xbfffffff}] -regs
configparams force-mem-access 1
targets -set -nocase -filter {name =~"APU*"}
source E:/Project/ece520_v1/wafb/_ide/psinit/ps7_init.tcl
ps7_init
ps7_post_config
targets -set -nocase -filter {name =~ "*A9*#0"}
dow E:/Project/ece520_v1/wafb/Debug/wafb.elf
configparams force-mem-access 0
----------------End of Script----------------

07:58:15 INFO  : Context for processor 'ps7_cortexa9_0' is selected.
07:58:15 INFO  : 'con' command is executed.
07:58:15 INFO  : ----------------XSDB Script (After Launch)----------------
targets -set -nocase -filter {name =~ "*A9*#0"}
con
----------------End of Script----------------

07:58:15 INFO  : Launch script is exported to file 'E:\Project\ece520_v1\wafb_system\_ide\scripts\debugger_wafb-default.tcl'
07:58:28 INFO  : Disconnected from the channel tcfchan#1.
07:58:29 INFO  : Connected to target on host '127.0.0.1' and port '3121'.
07:58:38 INFO  : ----------------XSDB Script----------------
connect -url tcp:127.0.0.1:3121
----------------End of Script----------------

07:58:38 ERROR : Could not find ARM device on the board for connection 'Local'.
Check if the target is in:
1. Split JTAG - No operations are possible with ARM DAP.
2. Non JTAG bootmode - Bootrom may need time to enable DAP.
Please try again.


Troubleshooting hints:
1. Check whether board is connected to system properly.
2. In case of zynq board, check whether Digilent/Xilinx cable switch settings are correct.
3. If you are using Xilinx Platform Cable USB, ensure that status LED is green.
07:59:14 INFO  : Result from executing command 'getProjects': design_1_wrapper
07:59:14 INFO  : Result from executing command 'getPlatforms': design_1_wrapper|E:/Project/ece520_v1/design_1_wrapper/export/design_1_wrapper/design_1_wrapper.xpfm
07:59:15 INFO  : Checking for BSP changes to sync application flags for project 'wafb'...
07:59:34 INFO  : Connected to target on host '127.0.0.1' and port '3121'.
07:59:35 WARN  : Part name present in the hardware specification 'xc7z010clg400-1' doesn't match the one present on the target 'xc7z020'.
07:59:37 INFO  : Jtag cable 'Digilent Zybo Z7 210351A81E13A' is selected.
07:59:37 INFO  : 'jtag frequency' command is executed.
07:59:37 INFO  : Context for 'APU' is selected.
07:59:37 INFO  : System reset is completed.
07:59:40 INFO  : 'after 3000' command is executed.
07:59:40 INFO  : 'targets -set -filter {jtag_cable_name =~ "Digilent Zybo Z7 210351A81E13A" && level==0 && jtag_device_ctx=="jsn-Zybo Z7-210351A81E13A-23727093-0"}' command is executed.
07:59:43 INFO  : Device configured successfully with "E:/Project/ece520_v1/wafb/_ide/bitstream/design_1_wrapper.bit"
07:59:43 INFO  : Context for 'APU' is selected.
07:59:43 INFO  : Hardware design and registers information is loaded from 'E:/Project/ece520_v1/design_1_wrapper/export/design_1_wrapper/hw/design_1_wrapper.xsa'.
07:59:43 INFO  : 'configparams force-mem-access 1' command is executed.
07:59:43 INFO  : Context for 'APU' is selected.
07:59:43 INFO  : Sourcing of 'E:/Project/ece520_v1/wafb/_ide/psinit/ps7_init.tcl' is done.
07:59:44 INFO  : 'ps7_init' command is executed.
07:59:44 INFO  : 'ps7_post_config' command is executed.
07:59:44 INFO  : Context for processor 'ps7_cortexa9_0' is selected.
07:59:44 INFO  : The application 'E:/Project/ece520_v1/wafb/Debug/wafb.elf' is downloaded to processor 'ps7_cortexa9_0'.
07:59:44 INFO  : 'configparams force-mem-access 0' command is executed.
07:59:44 INFO  : ----------------XSDB Script----------------
connect -url tcp:127.0.0.1:3121
targets -set -nocase -filter {name =~"APU*"}
rst -system
after 3000
targets -set -filter {jtag_cable_name =~ "Digilent Zybo Z7 210351A81E13A" && level==0 && jtag_device_ctx=="jsn-Zybo Z7-210351A81E13A-23727093-0"}
fpga -file E:/Project/ece520_v1/wafb/_ide/bitstream/design_1_wrapper.bit
targets -set -nocase -filter {name =~"APU*"}
loadhw -hw E:/Project/ece520_v1/design_1_wrapper/export/design_1_wrapper/hw/design_1_wrapper.xsa -mem-ranges [list {0x40000000 0xbfffffff}] -regs
configparams force-mem-access 1
targets -set -nocase -filter {name =~"APU*"}
source E:/Project/ece520_v1/wafb/_ide/psinit/ps7_init.tcl
ps7_init
ps7_post_config
targets -set -nocase -filter {name =~ "*A9*#0"}
dow E:/Project/ece520_v1/wafb/Debug/wafb.elf
configparams force-mem-access 0
----------------End of Script----------------

07:59:44 INFO  : Context for processor 'ps7_cortexa9_0' is selected.
07:59:44 INFO  : 'con' command is executed.
07:59:44 INFO  : ----------------XSDB Script (After Launch)----------------
targets -set -nocase -filter {name =~ "*A9*#0"}
con
----------------End of Script----------------

07:59:44 INFO  : Launch script is exported to file 'E:\Project\ece520_v1\wafb_system\_ide\scripts\debugger_wafb-default.tcl'
08:01:34 INFO  : Disconnected from the channel tcfchan#2.
