18:08:35 INFO  : Launching XSCT server: xsct.bat -n  -interactive C:\Github_JG_ECE520\e520_Project\hdmi_sw\temp_xsdb_launch_script.tcl
18:08:36 INFO  : Platform repository initialization has completed.
18:08:36 INFO  : Registering command handlers for Vitis TCF services
18:08:41 INFO  : XSCT server has started successfully.
18:08:42 INFO  : Successfully done setting XSCT server connection channel  
18:08:42 INFO  : plnx-install-location is set to ''
18:08:42 INFO  : Successfully done query RDI_DATADIR 
18:08:42 INFO  : Successfully done setting workspace for the tool. 
18:08:51 INFO  : Platform 'design_1_wrapper' is added to custom repositories.
18:10:40 INFO  : Checking for BSP changes to sync application flags for project 'Zybo-Z7-20-HDMI'...
18:11:48 INFO  : Hardware specification for platform project 'design_1_wrapper' is updated.
18:13:44 INFO  : Connected to target on host '127.0.0.1' and port '3121'.
18:13:44 INFO  : 'targets -set -filter {jtag_cable_name =~ "Digilent Zybo Z7 210351A81E13A" && level==0 && jtag_device_ctx=="jsn-Zybo Z7-210351A81E13A-23727093-0"}' command is executed.
18:13:47 INFO  : Device configured successfully with "C:/Github_JG_ECE520/e520_Project/hdmi_sw/Zybo-Z7-20-HDMI/_ide/bitstream/design_1_wrapper.bit"
18:14:05 INFO  : Connected to target on host '127.0.0.1' and port '3121'.
18:14:05 INFO  : Jtag cable 'Digilent Zybo Z7 210351A81E13A' is selected.
18:14:05 INFO  : 'jtag frequency' command is executed.
18:14:05 INFO  : Context for 'APU' is selected.
18:14:05 INFO  : System reset is completed.
18:14:08 INFO  : 'after 3000' command is executed.
18:14:08 INFO  : 'targets -set -filter {jtag_cable_name =~ "Digilent Zybo Z7 210351A81E13A" && level==0 && jtag_device_ctx=="jsn-Zybo Z7-210351A81E13A-23727093-0"}' command is executed.
18:14:10 INFO  : Device configured successfully with "C:/Github_JG_ECE520/e520_Project/hdmi_sw/Zybo-Z7-20-HDMI/_ide/bitstream/design_1_wrapper.bit"
18:14:10 INFO  : Context for 'APU' is selected.
18:14:11 INFO  : Hardware design and registers information is loaded from 'C:/Github_JG_ECE520/e520_Project/hdmi_sw/design_1_wrapper/export/design_1_wrapper/hw/design_1_wrapper.xsa'.
18:14:11 INFO  : 'configparams force-mem-access 1' command is executed.
18:14:11 INFO  : Context for 'APU' is selected.
18:14:11 INFO  : Sourcing of 'C:/Github_JG_ECE520/e520_Project/hdmi_sw/Zybo-Z7-20-HDMI/_ide/psinit/ps7_init.tcl' is done.
18:14:11 INFO  : 'ps7_init' command is executed.
18:14:11 INFO  : 'ps7_post_config' command is executed.
18:14:11 INFO  : Context for processor 'ps7_cortexa9_0' is selected.
18:14:12 INFO  : The application 'C:/Github_JG_ECE520/e520_Project/hdmi_sw/Zybo-Z7-20-HDMI/Debug/Zybo-Z7-20-HDMI.elf' is downloaded to processor 'ps7_cortexa9_0'.
18:14:12 INFO  : 'configparams force-mem-access 0' command is executed.
18:14:12 INFO  : ----------------XSDB Script----------------
connect -url tcp:127.0.0.1:3121
targets -set -nocase -filter {name =~"APU*"}
rst -system
after 3000
targets -set -filter {jtag_cable_name =~ "Digilent Zybo Z7 210351A81E13A" && level==0 && jtag_device_ctx=="jsn-Zybo Z7-210351A81E13A-23727093-0"}
fpga -file C:/Github_JG_ECE520/e520_Project/hdmi_sw/Zybo-Z7-20-HDMI/_ide/bitstream/design_1_wrapper.bit
targets -set -nocase -filter {name =~"APU*"}
loadhw -hw C:/Github_JG_ECE520/e520_Project/hdmi_sw/design_1_wrapper/export/design_1_wrapper/hw/design_1_wrapper.xsa -mem-ranges [list {0x40000000 0xbfffffff}] -regs
configparams force-mem-access 1
targets -set -nocase -filter {name =~"APU*"}
source C:/Github_JG_ECE520/e520_Project/hdmi_sw/Zybo-Z7-20-HDMI/_ide/psinit/ps7_init.tcl
ps7_init
ps7_post_config
targets -set -nocase -filter {name =~ "*A9*#0"}
dow C:/Github_JG_ECE520/e520_Project/hdmi_sw/Zybo-Z7-20-HDMI/Debug/Zybo-Z7-20-HDMI.elf
configparams force-mem-access 0
----------------End of Script----------------

18:14:12 INFO  : Context for processor 'ps7_cortexa9_0' is selected.
18:14:12 INFO  : 'con' command is executed.
18:14:12 INFO  : ----------------XSDB Script (After Launch)----------------
targets -set -nocase -filter {name =~ "*A9*#0"}
con
----------------End of Script----------------

18:14:12 INFO  : Launch script is exported to file 'C:\Github_JG_ECE520\e520_Project\hdmi_sw\Zybo-Z7-20-HDMI_system\_ide\scripts\debugger_zybo-z7-20-hdmi-default.tcl'
18:15:42 INFO  : Result from executing command 'removePlatformRepo': 
18:17:00 INFO  : Disconnected from the channel tcfchan#4.
18:17:01 ERROR : Hardware specification file is not configured properly in the launch configuration 'Debugger_Zybo-Z7-20-HDMI-Default'. 
Make sure that the application 'Zybo-Z7-20-HDMI' is built properly for configuration 'Debug' before launching.
18:18:13 ERROR : Hardware specification file is not configured properly in the launch configuration 'Debugger_Zybo-Z7-20-HDMI-Default'. 
Make sure that the application 'Zybo-Z7-20-HDMI' is built properly for configuration 'Debug' before launching.
08:04:40 INFO  : Launching XSCT server: xsct.bat -n  -interactive C:\Github_JG_ECE520\e520_Project\hdmi_sw\temp_xsdb_launch_script.tcl
08:04:47 INFO  : Platform repository initialization has completed.
08:04:47 INFO  : Registering command handlers for Vitis TCF services
08:04:48 INFO  : XSCT server has started successfully.
08:04:49 INFO  : plnx-install-location is set to ''
08:04:49 INFO  : Successfully done setting XSCT server connection channel  
08:04:49 INFO  : Successfully done query RDI_DATADIR 
08:04:49 INFO  : Successfully done setting workspace for the tool. 
08:05:11 INFO  : Checking for BSP changes to sync application flags for project 'Zybo-Z7-20-HDMI'...
08:05:11 ERROR : Failed to get platform details for the project 'Zybo-Z7-20-HDMI'. Cannot sync application flags.
