07:48:28 INFO  : Registering command handlers for Vitis TCF services
07:48:28 INFO  : Launching XSCT server: xsct.bat -n  -interactive E:\Project\ece520_v2\temp_xsdb_launch_script.tcl
07:48:28 INFO  : Platform repository initialization has completed.
07:48:32 INFO  : XSCT server has started successfully.
07:48:32 INFO  : Successfully done setting XSCT server connection channel  
07:48:32 INFO  : plnx-install-location is set to ''
07:48:32 INFO  : Successfully done setting workspace for the tool. 
07:48:32 INFO  : Successfully done query RDI_DATADIR 
07:50:07 INFO  : Result from executing command 'getProjects': design_1_wrapper
07:50:07 INFO  : Result from executing command 'getPlatforms': 
07:50:09 WARN  : An unexpected exception occurred in the module 'platform project logging'
07:50:14 INFO  : Platform 'design_1_wrapper' is added to custom repositories.
07:50:28 INFO  : Platform 'design_1_wrapper' is added to custom repositories.
07:52:03 INFO  : Result from executing command 'getProjects': design_1_wrapper
07:52:03 INFO  : Result from executing command 'getPlatforms': design_1_wrapper|E:/Project/ece520_v2/design_1_wrapper/export/design_1_wrapper/design_1_wrapper.xpfm
07:52:04 INFO  : Checking for BSP changes to sync application flags for project 'wafb_v2'...
15:21:49 INFO  : Launching XSCT server: xsct.bat -n  -interactive E:\Project\ece520_v2\temp_xsdb_launch_script.tcl
15:21:57 INFO  : Registering command handlers for Vitis TCF services
15:21:57 INFO  : Platform repository initialization has completed.
15:21:58 INFO  : XSCT server has started successfully.
15:21:59 INFO  : plnx-install-location is set to ''
15:21:59 INFO  : Successfully done setting XSCT server connection channel  
15:22:00 INFO  : Successfully done setting workspace for the tool. 
15:22:00 INFO  : Successfully done query RDI_DATADIR 
15:26:25 INFO  : Connected to target on host '127.0.0.1' and port '3121'.
15:26:41 INFO  : ----------------XSDB Script----------------
connect -url tcp:127.0.0.1:3121
----------------End of Script----------------

15:26:47 INFO  : Connected to target on host '127.0.0.1' and port '3121'.
15:26:48 WARN  : Part name present in the hardware specification 'xc7z010clg400-1' doesn't match the one present on the target 'xc7z020'.
15:26:50 INFO  : Jtag cable 'Digilent Zybo Z7 210351A81E13A' is selected.
15:26:50 INFO  : 'jtag frequency' command is executed.
15:26:50 INFO  : Context for 'APU' is selected.
15:26:50 INFO  : System reset is completed.
15:26:53 INFO  : 'after 3000' command is executed.
15:26:54 INFO  : 'targets -set -filter {jtag_cable_name =~ "Digilent Zybo Z7 210351A81E13A" && level==0 && jtag_device_ctx=="jsn-Zybo Z7-210351A81E13A-23727093-0"}' command is executed.
15:26:56 INFO  : Device configured successfully with "E:/Project/ece520_v2/wafb_v2/_ide/bitstream/design_1_wrapper.bit"
15:26:56 INFO  : Context for 'APU' is selected.
15:26:56 INFO  : Hardware design and registers information is loaded from 'E:/Project/ece520_v2/design_1_wrapper/export/design_1_wrapper/hw/design_1_wrapper.xsa'.
15:26:56 INFO  : 'configparams force-mem-access 1' command is executed.
15:26:56 INFO  : Context for 'APU' is selected.
15:26:56 INFO  : Sourcing of 'E:/Project/ece520_v2/wafb_v2/_ide/psinit/ps7_init.tcl' is done.
15:26:57 INFO  : 'ps7_init' command is executed.
15:26:57 INFO  : 'ps7_post_config' command is executed.
15:26:57 INFO  : Context for processor 'ps7_cortexa9_0' is selected.
15:26:57 INFO  : The application 'E:/Project/ece520_v2/wafb_v2/Debug/wafb_v2.elf' is downloaded to processor 'ps7_cortexa9_0'.
15:26:57 INFO  : 'configparams force-mem-access 0' command is executed.
15:26:57 INFO  : ----------------XSDB Script----------------
connect -url tcp:127.0.0.1:3121
targets -set -nocase -filter {name =~"APU*"}
rst -system
after 3000
targets -set -filter {jtag_cable_name =~ "Digilent Zybo Z7 210351A81E13A" && level==0 && jtag_device_ctx=="jsn-Zybo Z7-210351A81E13A-23727093-0"}
fpga -file E:/Project/ece520_v2/wafb_v2/_ide/bitstream/design_1_wrapper.bit
targets -set -nocase -filter {name =~"APU*"}
loadhw -hw E:/Project/ece520_v2/design_1_wrapper/export/design_1_wrapper/hw/design_1_wrapper.xsa -mem-ranges [list {0x40000000 0xbfffffff}] -regs
configparams force-mem-access 1
targets -set -nocase -filter {name =~"APU*"}
source E:/Project/ece520_v2/wafb_v2/_ide/psinit/ps7_init.tcl
ps7_init
ps7_post_config
targets -set -nocase -filter {name =~ "*A9*#0"}
dow E:/Project/ece520_v2/wafb_v2/Debug/wafb_v2.elf
configparams force-mem-access 0
----------------End of Script----------------

15:26:57 INFO  : Context for processor 'ps7_cortexa9_0' is selected.
15:26:57 INFO  : 'con' command is executed.
15:26:57 INFO  : ----------------XSDB Script (After Launch)----------------
targets -set -nocase -filter {name =~ "*A9*#0"}
con
----------------End of Script----------------

15:26:58 INFO  : Launch script is exported to file 'E:\Project\ece520_v2\wafb_v2_system\_ide\scripts\debugger_wafb_v2-default.tcl'
15:28:09 INFO  : Disconnected from the channel tcfchan#1.
